app/build/intermediates/manifest_merge_blame_file/debug/processDebugMainManifest/manifest-merger-blame-debug-report.txt
1<?xml version="1.0" encoding="utf-8"?>
2<manifest xmlns:android="http://schemas.android.com/apk/res/android"
3    package="com.tourism.assetguard"
4    android:versionCode="1"
5    android:versionName="1.0" >
6
7    <uses-sdk
8        android:minSdkVersion="24"
9        android:targetSdkVersion="34" />
10
11    <!-- Access Permissions -->
12    <uses-permission android:name="android.permission.INTERNET" />
12-->src\main\AndroidManifest.xml:6:5-67
12-->src\main\AndroidManifest.xml:6:22-64
13    <uses-permission android:name="android.permission.ACCESS_FINE_LOCATION" />
13-->src\main\AndroidManifest.xml:7:5-79
13-->src\main\AndroidManifest.xml:7:22-76
14    <uses-permission android:name="android.permission.ACCESS_COARSE_LOCATION" />
14-->src\main\AndroidManifest.xml:8:5-81
14-->src\main\AndroidManifest.xml:8:22-78
15    <uses-permission android:name="android.permission.CAMERA" />
15-->src\main\AndroidManifest.xml:9:5-65
15-->src\main\AndroidManifest.xml:9:22-62
16    <uses-permission android:name="android.permission.RECORD_AUDIO" />
16-->src\main\AndroidManifest.xml:10:5-71
16-->src\main\AndroidManifest.xml:10:22-68
17    <uses-permission android:name="android.permission.POST_NOTIFICATIONS" />
17-->src\main\AndroidManifest.xml:11:5-77
17-->src\main\AndroidManifest.xml:11:22-74
18
19    <!-- Feature Declarations -->
20    <uses-feature
20-->src\main\AndroidManifest.xml:14:5-85
21        android:name="android.hardware.camera"
21-->src\main\AndroidManifest.xml:14:19-57
22        android:required="false" />
22-->src\main\AndroidManifest.xml:14:58-82
23    <uses-feature
23-->src\main\AndroidManifest.xml:15:5-95
24        android:name="android.hardware.camera.autofocus"
24-->src\main\AndroidManifest.xml:15:19-67
25        android:required="false" />
25-->src\main\AndroidManifest.xml:15:68-92
26
27    <uses-permission android:name="android.permission.ACCESS_NETWORK_STATE" />
27-->[com.google.firebase:firebase-auth:22.3.1] AndroidManifest.xml:26:5-79
27-->[com.google.firebase:firebase-auth:22.3.1] AndroidManifest.xml:26:22-76
28
29    <uses-feature
29-->[com.google.android.gms:play-services-maps:19.0.0] AndroidManifest.xml:26:5-28:35
30        android:glEsVersion="0x00020000"
30-->[com.google.android.gms:play-services-maps:19.0.0] AndroidManifest.xml:27:9-41
31        android:required="true" />
31-->[com.google.android.gms:play-services-maps:19.0.0] AndroidManifest.xml:28:9-32
32
33    <queries>
33-->[com.google.android.gms:play-services-maps:19.0.0] AndroidManifest.xml:30:5-34:15
34
35        <!-- Needs to be explicitly declared on Android R+ -->
36        <package android:name="com.google.android.apps.maps" />
36-->[com.google.android.gms:play-services-maps:19.0.0] AndroidManifest.xml:33:9-64
36-->[com.google.android.gms:play-services-maps:19.0.0] AndroidManifest.xml:33:18-61
37    </queries>
38
39    <uses-permission android:name="android.permission.WAKE_LOCK" />
39-->[com.google.android.gms:play-services-measurement-api:21.6.1] AndroidManifest.xml:24:5-68
39-->[com.google.android.gms:play-services-measurement-api:21.6.1] AndroidManifest.xml:24:22-65
40    <uses-permission android:name="com.google.android.gms.permission.AD_ID" />
40-->[com.google.android.gms:play-services-measurement-api:21.6.1] AndroidManifest.xml:25:5-79
40-->[com.google.android.gms:play-services-measurement-api:21.6.1] AndroidManifest.xml:25:22-76
41    <uses-permission android:name="android.permission.ACCESS_ADSERVICES_ATTRIBUTION" />
41-->[com.google.android.gms:play-services-measurement-api:21.6.1] AndroidManifest.xml:26:5-88
41-->[com.google.android.gms:play-services-measurement-api:21.6.1] AndroidManifest.xml:26:22-85
42    <uses-permission android:name="android.permission.ACCESS_ADSERVICES_AD_ID" />
42-->[com.google.android.gms:play-services-measurement-api:21.6.1] AndroidManifest.xml:27:5-82
42-->[com.google.android.gms:play-services-measurement-api:21.6.1] AndroidManifest.xml:27:22-79
43    <uses-permission android:name="com.google.android.finsky.permission.BIND_GET_INSTALL_REFERRER_SERVICE" />
43-->[com.google.android.gms:play-services-measurement:21.6.1] AndroidManifest.xml:26:5-110
43-->[com.google.android.gms:play-services-measurement:21.6.1] AndroidManifest.xml:26:22-107
44    <uses-permission android:name="com.google.android.providers.gsf.permission.READ_GSERVICES" />
44-->[com.google.android.recaptcha:recaptcha:18.4.0] AndroidManifest.xml:9:5-98
44-->[com.google.android.recaptcha:recaptcha:18.4.0] AndroidManifest.xml:9:22-95
45    <uses-permission android:name="android.permission.RECEIVE_BOOT_COMPLETED" />
45-->[androidx.work:work-runtime:2.9.0] AndroidManifest.xml:25:5-81
45-->[androidx.work:work-runtime:2.9.0] AndroidManifest.xml:25:22-78
46    <uses-permission android:name="android.permission.FOREGROUND_SERVICE" />
46-->[androidx.work:work-runtime:2.9.0] AndroidManifest.xml:26:5-77
46-->[androidx.work:work-runtime:2.9.0] AndroidManifest.xml:26:22-74
47
48    <permission
48-->[androidx.core:core:1.13.1] AndroidManifest.xml:22:5-24:47
49        android:name="com.tourism.assetguard.DYNAMIC_RECEIVER_NOT_EXPORTED_PERMISSION"
49-->[androidx.core:core:1.13.1] AndroidManifest.xml:23:9-81
50        android:protectionLevel="signature" />
50-->[androidx.core:core:1.13.1] AndroidManifest.xml:24:9-44
51
52    <uses-permission android:name="com.tourism.assetguard.DYNAMIC_RECEIVER_NOT_EXPORTED_PERMISSION" />
52-->[androidx.core:core:1.13.1] AndroidManifest.xml:26:5-97
52-->[androidx.core:core:1.13.1] AndroidManifest.xml:26:22-94
53
54    <application
54-->src\main\AndroidManifest.xml:17:5-47:19
55        android:name="com.tourism.assetguard.AssetGuard"
55-->src\main\AndroidManifest.xml:18:9-57
56        android:allowBackup="true"
56-->src\main\AndroidManifest.xml:19:9-35
57        android:appComponentFactory="androidx.core.app.CoreComponentFactory"
57-->[androidx.core:core:1.13.1] AndroidManifest.xml:28:18-86
58        android:dataExtractionRules="@xml/data_extraction_rules"
58-->src\main\AndroidManifest.xml:20:9-65
59        android:debuggable="true"
60        android:extractNativeLibs="false"
61        android:fullBackupContent="@xml/backup_rules"
61-->src\main\AndroidManifest.xml:21:9-54
62        android:icon="@mipmap/ic_launcher"
62-->src\main\AndroidManifest.xml:22:9-43
63        android:label="@string/app_name"
63-->src\main\AndroidManifest.xml:24:9-41
64        android:roundIcon="@mipmap/ic_launcher_round"
64-->src\main\AndroidManifest.xml:23:9-54
65        android:supportsRtl="true"
65-->src\main\AndroidManifest.xml:25:9-35
66        android:testOnly="true"
67        android:theme="@android:style/Theme.Material.NoActionBar" >
67-->src\main\AndroidManifest.xml:26:9-66
68
69        <!-- Google Maps API Key metadata -->
70        <meta-data
70-->src\main\AndroidManifest.xml:30:9-32:64
71            android:name="com.google.android.geo.API_KEY"
71-->src\main\AndroidManifest.xml:31:13-58
72            android:value="9a35f622ab716208c2ed918cf44fa78d" />
72-->src\main\AndroidManifest.xml:32:13-61
73
74        <activity
74-->src\main\AndroidManifest.xml:34:9-45:20
75            android:name="com.tourism.assetguard.MainActivity"
75-->src\main\AndroidManifest.xml:35:13-41
76            android:exported="true"
76-->src\main\AndroidManifest.xml:36:13-36
77            android:label="@string/app_name"
77-->src\main\AndroidManifest.xml:37:13-45
78            android:screenOrientation="portrait"
78-->src\main\AndroidManifest.xml:38:13-49
79            android:theme="@android:style/Theme.Material.NoActionBar"
79-->src\main\AndroidManifest.xml:39:13-70
80            android:windowSoftInputMode="adjustResize" >
80-->src\main\AndroidManifest.xml:40:13-55
81            <intent-filter>
81-->src\main\AndroidManifest.xml:41:13-44:29
82                <action android:name="android.intent.action.MAIN" />
82-->src\main\AndroidManifest.xml:42:17-69
82-->src\main\AndroidManifest.xml:42:25-66
83
84                <category android:name="android.intent.category.LAUNCHER" />
84-->src\main\AndroidManifest.xml:43:17-77
84-->src\main\AndroidManifest.xml:43:27-74
85            </intent-filter>
86        </activity>
87
88        <!--
89        Service for holding metadata. Cannot be instantiated.
90        Metadata will be merged from other manifests.
91        -->
92        <service
92-->[androidx.camera:camera-core:1.3.1] AndroidManifest.xml:29:9-33:78
93            android:name="androidx.camera.core.impl.MetadataHolderService"
93-->[androidx.camera:camera-core:1.3.1] AndroidManifest.xml:30:13-75
94            android:enabled="false"
94-->[androidx.camera:camera-core:1.3.1] AndroidManifest.xml:31:13-36
95            android:exported="false" >
95-->[androidx.camera:camera-core:1.3.1] AndroidManifest.xml:32:13-37
96            <meta-data
96-->[androidx.camera:camera-camera2:1.3.1] AndroidManifest.xml:30:13-32:89
97                android:name="androidx.camera.core.impl.MetadataHolderService.DEFAULT_CONFIG_PROVIDER"
97-->[androidx.camera:camera-camera2:1.3.1] AndroidManifest.xml:31:17-103
98                android:value="androidx.camera.camera2.Camera2Config$DefaultProvider" />
98-->[androidx.camera:camera-camera2:1.3.1] AndroidManifest.xml:32:17-86
99        </service>
100        <service
100-->[com.google.firebase:firebase-auth-ktx:22.3.1] AndroidManifest.xml:8:9-14:19
101            android:name="com.google.firebase.components.ComponentDiscoveryService"
101-->[com.google.firebase:firebase-auth-ktx:22.3.1] AndroidManifest.xml:9:13-84
102            android:directBootAware="true"
102-->[com.google.firebase:firebase-common:20.4.3] AndroidManifest.xml:32:13-43
103            android:exported="false" >
103-->[com.google.firebase:firebase-auth-ktx:22.3.1] AndroidManifest.xml:10:13-37
104            <meta-data
104-->[com.google.firebase:firebase-auth-ktx:22.3.1] AndroidManifest.xml:11:13-13:85
105                android:name="com.google.firebase.components:com.google.firebase.auth.ktx.FirebaseAuthLegacyRegistrar"
105-->[com.google.firebase:firebase-auth-ktx:22.3.1] AndroidManifest.xml:12:17-119
106                android:value="com.google.firebase.components.ComponentRegistrar" />
106-->[com.google.firebase:firebase-auth-ktx:22.3.1] AndroidManifest.xml:13:17-82
107            <meta-data
107-->[com.google.firebase:firebase-auth:22.3.1] AndroidManifest.xml:69:13-71:85
108                android:name="com.google.firebase.components:com.google.firebase.auth.FirebaseAuthRegistrar"
108-->[com.google.firebase:firebase-auth:22.3.1] AndroidManifest.xml:70:17-109
109                android:value="com.google.firebase.components.ComponentRegistrar" />
109-->[com.google.firebase:firebase-auth:22.3.1] AndroidManifest.xml:71:17-82
110            <meta-data
110-->[com.google.firebase:firebase-firestore-ktx:24.11.0] AndroidManifest.xml:12:13-14:85
111                android:name="com.google.firebase.components:com.google.firebase.firestore.ktx.FirebaseFirestoreLegacyRegistrar"
111-->[com.google.firebase:firebase-firestore-ktx:24.11.0] AndroidManifest.xml:13:17-129
112                android:value="com.google.firebase.components.ComponentRegistrar" />
112-->[com.google.firebase:firebase-firestore-ktx:24.11.0] AndroidManifest.xml:14:17-82
113            <meta-data
113-->[com.google.firebase:firebase-firestore:24.11.0] AndroidManifest.xml:17:13-19:85
114                android:name="com.google.firebase.components:com.google.firebase.firestore.FirebaseFirestoreKtxRegistrar"
114-->[com.google.firebase:firebase-firestore:24.11.0] AndroidManifest.xml:18:17-122
115                android:value="com.google.firebase.components.ComponentRegistrar" />
115-->[com.google.firebase:firebase-firestore:24.11.0] AndroidManifest.xml:19:17-82
116            <meta-data
116-->[com.google.firebase:firebase-firestore:24.11.0] AndroidManifest.xml:20:13-22:85
117                android:name="com.google.firebase.components:com.google.firebase.firestore.FirestoreRegistrar"
117-->[com.google.firebase:firebase-firestore:24.11.0] AndroidManifest.xml:21:17-111
118                android:value="com.google.firebase.components.ComponentRegistrar" />
118-->[com.google.firebase:firebase-firestore:24.11.0] AndroidManifest.xml:22:17-82
119            <meta-data
119-->[com.google.firebase:firebase-analytics-ktx:21.6.1] AndroidManifest.xml:11:13-13:85
120                android:name="com.google.firebase.components:com.google.firebase.analytics.ktx.FirebaseAnalyticsLegacyRegistrar"
120-->[com.google.firebase:firebase-analytics-ktx:21.6.1] AndroidManifest.xml:12:17-129
121                android:value="com.google.firebase.components.ComponentRegistrar" />
121-->[com.google.firebase:firebase-analytics-ktx:21.6.1] AndroidManifest.xml:13:17-82
122            <meta-data
122-->[com.google.android.gms:play-services-measurement-api:21.6.1] AndroidManifest.xml:37:13-39:85
123                android:name="com.google.firebase.components:com.google.firebase.analytics.connector.internal.AnalyticsConnectorRegistrar"
123-->[com.google.android.gms:play-services-measurement-api:21.6.1] AndroidManifest.xml:38:17-139
124                android:value="com.google.firebase.components.ComponentRegistrar" />
124-->[com.google.android.gms:play-services-measurement-api:21.6.1] AndroidManifest.xml:39:17-82
125            <meta-data
125-->[com.google.firebase:firebase-installations:17.2.0] AndroidManifest.xml:15:13-17:85
126                android:name="com.google.firebase.components:com.google.firebase.installations.FirebaseInstallationsKtxRegistrar"
126-->[com.google.firebase:firebase-installations:17.2.0] AndroidManifest.xml:16:17-130
127                android:value="com.google.firebase.components.ComponentRegistrar" />
127-->[com.google.firebase:firebase-installations:17.2.0] AndroidManifest.xml:17:17-82
128            <meta-data
128-->[com.google.firebase:firebase-installations:17.2.0] AndroidManifest.xml:18:13-20:85
129                android:name="com.google.firebase.components:com.google.firebase.installations.FirebaseInstallationsRegistrar"
129-->[com.google.firebase:firebase-installations:17.2.0] AndroidManifest.xml:19:17-127
130                android:value="com.google.firebase.components.ComponentRegistrar" />
130-->[com.google.firebase:firebase-installations:17.2.0] AndroidManifest.xml:20:17-82
131            <meta-data
131-->[com.google.firebase:firebase-common-ktx:20.4.3] AndroidManifest.xml:12:13-14:85
132                android:name="com.google.firebase.components:com.google.firebase.ktx.FirebaseCommonLegacyRegistrar"
132-->[com.google.firebase:firebase-common-ktx:20.4.3] AndroidManifest.xml:13:17-116
133                android:value="com.google.firebase.components.ComponentRegistrar" />
133-->[com.google.firebase:firebase-common-ktx:20.4.3] AndroidManifest.xml:14:17-82
134            <meta-data
134-->[com.google.firebase:firebase-common:20.4.3] AndroidManifest.xml:35:13-37:85
135                android:name="com.google.firebase.components:com.google.firebase.FirebaseCommonKtxRegistrar"
135-->[com.google.firebase:firebase-common:20.4.3] AndroidManifest.xml:36:17-109
136                android:value="com.google.firebase.components.ComponentRegistrar" />
136-->[com.google.firebase:firebase-common:20.4.3] AndroidManifest.xml:37:17-82
137        </service>
138
139        <activity
139-->[com.google.firebase:firebase-auth:22.3.1] AndroidManifest.xml:29:9-46:20
140            android:name="com.google.firebase.auth.internal.GenericIdpActivity"
140-->[com.google.firebase:firebase-auth:22.3.1] AndroidManifest.xml:30:13-80
141            android:excludeFromRecents="true"
141-->[com.google.firebase:firebase-auth:22.3.1] AndroidManifest.xml:31:13-46
142            android:exported="true"
142-->[com.google.firebase:firebase-auth:22.3.1] AndroidManifest.xml:32:13-36
143            android:launchMode="singleTask"
143-->[com.google.firebase:firebase-auth:22.3.1] AndroidManifest.xml:33:13-44
144            android:theme="@android:style/Theme.Translucent.NoTitleBar" >
144-->[com.google.firebase:firebase-auth:22.3.1] AndroidManifest.xml:34:13-72
145            <intent-filter>
145-->[com.google.firebase:firebase-auth:22.3.1] AndroidManifest.xml:35:13-45:29
146                <action android:name="android.intent.action.VIEW" />
146-->[com.google.firebase:firebase-auth:22.3.1] AndroidManifest.xml:36:17-69
146-->[com.google.firebase:firebase-auth:22.3.1] AndroidManifest.xml:36:25-66
147
148                <category android:name="android.intent.category.DEFAULT" />
148-->[com.google.firebase:firebase-auth:22.3.1] AndroidManifest.xml:38:17-76
148-->[com.google.firebase:firebase-auth:22.3.1] AndroidManifest.xml:38:27-73
149                <category android:name="android.intent.category.BROWSABLE" />
149-->[com.google.firebase:firebase-auth:22.3.1] AndroidManifest.xml:39:17-78
149-->[com.google.firebase:firebase-auth:22.3.1] AndroidManifest.xml:39:27-75
150
151                <data
151-->[com.google.firebase:firebase-auth:22.3.1] AndroidManifest.xml:41:17-44:51
152                    android:host="firebase.auth"
152-->[com.google.firebase:firebase-auth:22.3.1] AndroidManifest.xml:42:21-49
153                    android:path="/"
153-->[com.google.firebase:firebase-auth:22.3.1] AndroidManifest.xml:43:21-37
154                    android:scheme="genericidp" />
154-->[com.google.firebase:firebase-auth:22.3.1] AndroidManifest.xml:44:21-48
155            </intent-filter>
156        </activity>
157        <activity
157-->[com.google.firebase:firebase-auth:22.3.1] AndroidManifest.xml:47:9-64:20
158            android:name="com.google.firebase.auth.internal.RecaptchaActivity"
158-->[com.google.firebase:firebase-auth:22.3.1] AndroidManifest.xml:48:13-79
159            android:excludeFromRecents="true"
159-->[com.google.firebase:firebase-auth:22.3.1] AndroidManifest.xml:49:13-46
160            android:exported="true"
160-->[com.google.firebase:firebase-auth:22.3.1] AndroidManifest.xml:50:13-36
161            android:launchMode="singleTask"
161-->[com.google.firebase:firebase-auth:22.3.1] AndroidManifest.xml:51:13-44
162            android:theme="@android:style/Theme.Translucent.NoTitleBar" >
162-->[com.google.firebase:firebase-auth:22.3.1] AndroidManifest.xml:52:13-72
163            <intent-filter>
163-->[com.google.firebase:firebase-auth:22.3.1] AndroidManifest.xml:53:13-63:29
164                <action android:name="android.intent.action.VIEW" />
164-->[com.google.firebase:firebase-auth:22.3.1] AndroidManifest.xml:36:17-69
164-->[com.google.firebase:firebase-auth:22.3.1] AndroidManifest.xml:36:25-66
165
166                <category android:name="android.intent.category.DEFAULT" />
166-->[com.google.firebase:firebase-auth:22.3.1] AndroidManifest.xml:38:17-76
166-->[com.google.firebase:firebase-auth:22.3.1] AndroidManifest.xml:38:27-73
167                <category android:name="android.intent.category.BROWSABLE" />
167-->[com.google.firebase:firebase-auth:22.3.1] AndroidManifest.xml:39:17-78
167-->[com.google.firebase:firebase-auth:22.3.1] AndroidManifest.xml:39:27-75
168
169                <data
169-->[com.google.firebase:firebase-auth:22.3.1] AndroidManifest.xml:41:17-44:51
170                    android:host="firebase.auth"
170-->[com.google.firebase:firebase-auth:22.3.1] AndroidManifest.xml:42:21-49
171                    android:path="/"
171-->[com.google.firebase:firebase-auth:22.3.1] AndroidManifest.xml:43:21-37
172                    android:scheme="recaptcha" />
172-->[com.google.firebase:firebase-auth:22.3.1] AndroidManifest.xml:44:21-48
173            </intent-filter>
174        </activity> <!-- Needs to be explicitly declared on P+ -->
175        <uses-library
175-->[com.google.android.gms:play-services-maps:19.0.0] AndroidManifest.xml:39:9-41:40
176            android:name="org.apache.http.legacy"
176-->[com.google.android.gms:play-services-maps:19.0.0] AndroidManifest.xml:40:13-50
177            android:required="false" />
177-->[com.google.android.gms:play-services-maps:19.0.0] AndroidManifest.xml:41:13-37
178
179        <service
179-->[com.google.android.gms:play-services-mlkit-barcode-scanning:18.3.0] AndroidManifest.xml:9:9-15:19
180            android:name="com.google.mlkit.common.internal.MlKitComponentDiscoveryService"
180-->[com.google.android.gms:play-services-mlkit-barcode-scanning:18.3.0] AndroidManifest.xml:10:13-91
181            android:directBootAware="true"
181-->[com.google.mlkit:common:18.9.0] AndroidManifest.xml:17:13-43
182            android:exported="false" >
182-->[com.google.android.gms:play-services-mlkit-barcode-scanning:18.3.0] AndroidManifest.xml:11:13-37
183            <meta-data
183-->[com.google.android.gms:play-services-mlkit-barcode-scanning:18.3.0] AndroidManifest.xml:12:13-14:85
184                android:name="com.google.firebase.components:com.google.mlkit.vision.barcode.internal.BarcodeRegistrar"
184-->[com.google.android.gms:play-services-mlkit-barcode-scanning:18.3.0] AndroidManifest.xml:13:17-120
185                android:value="com.google.firebase.components.ComponentRegistrar" />
185-->[com.google.android.gms:play-services-mlkit-barcode-scanning:18.3.0] AndroidManifest.xml:14:17-82
186            <meta-data
186-->[com.google.mlkit:vision-common:17.3.0] AndroidManifest.xml:12:13-14:85
187                android:name="com.google.firebase.components:com.google.mlkit.vision.common.internal.VisionCommonRegistrar"
187-->[com.google.mlkit:vision-common:17.3.0] AndroidManifest.xml:13:17-124
188                android:value="com.google.firebase.components.ComponentRegistrar" />
188-->[com.google.mlkit:vision-common:17.3.0] AndroidManifest.xml:14:17-82
189            <meta-data
189-->[com.google.mlkit:common:18.9.0] AndroidManifest.xml:20:13-22:85
190                android:name="com.google.firebase.components:com.google.mlkit.common.internal.CommonComponentRegistrar"
190-->[com.google.mlkit:common:18.9.0] AndroidManifest.xml:21:17-120
191                android:value="com.google.firebase.components.ComponentRegistrar" />
191-->[com.google.mlkit:common:18.9.0] AndroidManifest.xml:22:17-82
192        </service>
193
194        <provider
194-->[com.google.mlkit:common:18.9.0] AndroidManifest.xml:9:9-13:38
195            android:name="com.google.mlkit.common.internal.MlKitInitProvider"
195-->[com.google.mlkit:common:18.9.0] AndroidManifest.xml:10:13-78
196            android:authorities="com.tourism.assetguard.mlkitinitprovider"
196-->[com.google.mlkit:common:18.9.0] AndroidManifest.xml:11:13-69
197            android:exported="false"
197-->[com.google.mlkit:common:18.9.0] AndroidManifest.xml:12:13-37
198            android:initOrder="99" />
198-->[com.google.mlkit:common:18.9.0] AndroidManifest.xml:13:13-35
199
200        <activity
200-->[com.google.android.gms:play-services-base:18.5.0] AndroidManifest.xml:5:9-173
201            android:name="com.google.android.gms.common.api.GoogleApiActivity"
201-->[com.google.android.gms:play-services-base:18.5.0] AndroidManifest.xml:5:19-85
202            android:exported="false"
202-->[com.google.android.gms:play-services-base:18.5.0] AndroidManifest.xml:5:146-170
203            android:theme="@android:style/Theme.Translucent.NoTitleBar" />
203-->[com.google.android.gms:play-services-base:18.5.0] AndroidManifest.xml:5:86-145
204
205        <property
205-->[com.google.android.gms:play-services-measurement-api:21.6.1] AndroidManifest.xml:30:9-32:61
206            android:name="android.adservices.AD_SERVICES_CONFIG"
206-->[com.google.android.gms:play-services-measurement-api:21.6.1] AndroidManifest.xml:31:13-65
207            android:resource="@xml/ga_ad_services_config" />
207-->[com.google.android.gms:play-services-measurement-api:21.6.1] AndroidManifest.xml:32:13-58
208
209        <provider
209-->[com.google.firebase:firebase-common:20.4.3] AndroidManifest.xml:23:9-28:39
210            android:name="com.google.firebase.provider.FirebaseInitProvider"
210-->[com.google.firebase:firebase-common:20.4.3] AndroidManifest.xml:24:13-77
211            android:authorities="com.tourism.assetguard.firebaseinitprovider"
211-->[com.google.firebase:firebase-common:20.4.3] AndroidManifest.xml:25:13-72
212            android:directBootAware="true"
212-->[com.google.firebase:firebase-common:20.4.3] AndroidManifest.xml:26:13-43
213            android:exported="false"
213-->[com.google.firebase:firebase-common:20.4.3] AndroidManifest.xml:27:13-37
214            android:initOrder="100" />
214-->[com.google.firebase:firebase-common:20.4.3] AndroidManifest.xml:28:13-36
215
216        <receiver
216-->[com.google.android.gms:play-services-measurement:21.6.1] AndroidManifest.xml:29:9-33:20
217            android:name="com.google.android.gms.measurement.AppMeasurementReceiver"
217-->[com.google.android.gms:play-services-measurement:21.6.1] AndroidManifest.xml:30:13-85
218            android:enabled="true"
218-->[com.google.android.gms:play-services-measurement:21.6.1] AndroidManifest.xml:31:13-35
219            android:exported="false" >
219-->[com.google.android.gms:play-services-measurement:21.6.1] AndroidManifest.xml:32:13-37
220        </receiver>
221
222        <service
222-->[com.google.android.gms:play-services-measurement:21.6.1] AndroidManifest.xml:35:9-38:40
223            android:name="com.google.android.gms.measurement.AppMeasurementService"
223-->[com.google.android.gms:play-services-measurement:21.6.1] AndroidManifest.xml:36:13-84
224            android:enabled="true"
224-->[com.google.android.gms:play-services-measurement:21.6.1] AndroidManifest.xml:37:13-35
225            android:exported="false" />
225-->[com.google.android.gms:play-services-measurement:21.6.1] AndroidManifest.xml:38:13-37
226        <service
226-->[com.google.android.gms:play-services-measurement:21.6.1] AndroidManifest.xml:39:9-43:72
227            android:name="com.google.android.gms.measurement.AppMeasurementJobService"
227-->[com.google.android.gms:play-services-measurement:21.6.1] AndroidManifest.xml:40:13-87
228            android:enabled="true"
228-->[com.google.android.gms:play-services-measurement:21.6.1] AndroidManifest.xml:41:13-35
229            android:exported="false"
229-->[com.google.android.gms:play-services-measurement:21.6.1] AndroidManifest.xml:42:13-37
230            android:permission="android.permission.BIND_JOB_SERVICE" />
230-->[com.google.android.gms:play-services-measurement:21.6.1] AndroidManifest.xml:43:13-69
231        <service
231-->[androidx.room:room-runtime-android:2.7.0-alpha11] AndroidManifest.xml:24:9-28:63
232            android:name="androidx.room.MultiInstanceInvalidationService"
232-->[androidx.room:room-runtime-android:2.7.0-alpha11] AndroidManifest.xml:25:13-74
233            android:directBootAware="true"
233-->[androidx.room:room-runtime-android:2.7.0-alpha11] AndroidManifest.xml:26:13-43
234            android:exported="false" />
234-->[androidx.room:room-runtime-android:2.7.0-alpha11] AndroidManifest.xml:27:13-37
235
236        <provider
236-->[androidx.work:work-runtime:2.9.0] AndroidManifest.xml:29:9-37:20
237            android:name="androidx.startup.InitializationProvider"
237-->[androidx.work:work-runtime:2.9.0] AndroidManifest.xml:30:13-67
238            android:authorities="com.tourism.assetguard.androidx-startup"
238-->[androidx.work:work-runtime:2.9.0] AndroidManifest.xml:31:13-68
239            android:exported="false" >
239-->[androidx.work:work-runtime:2.9.0] AndroidManifest.xml:32:13-37
240            <meta-data
240-->[androidx.work:work-runtime:2.9.0] AndroidManifest.xml:34:13-36:52
241                android:name="androidx.work.WorkManagerInitializer"
241-->[androidx.work:work-runtime:2.9.0] AndroidManifest.xml:35:17-68
242                android:value="androidx.startup" />
242-->[androidx.work:work-runtime:2.9.0] AndroidManifest.xml:36:17-49
243            <meta-data
243-->[androidx.emoji2:emoji2:1.3.0] AndroidManifest.xml:29:13-31:52
244                android:name="androidx.emoji2.text.EmojiCompatInitializer"
244-->[androidx.emoji2:emoji2:1.3.0] AndroidManifest.xml:30:17-75
245                android:value="androidx.startup" />
245-->[androidx.emoji2:emoji2:1.3.0] AndroidManifest.xml:31:17-49
246            <meta-data
246-->[androidx.lifecycle:lifecycle-process:2.8.2] AndroidManifest.xml:29:13-31:52
247                android:name="androidx.lifecycle.ProcessLifecycleInitializer"
247-->[androidx.lifecycle:lifecycle-process:2.8.2] AndroidManifest.xml:30:17-78
248                android:value="androidx.startup" />
248-->[androidx.lifecycle:lifecycle-process:2.8.2] AndroidManifest.xml:31:17-49
249            <meta-data
249-->[androidx.profileinstaller:profileinstaller:1.3.1] AndroidManifest.xml:29:13-31:52
250                android:name="androidx.profileinstaller.ProfileInstallerInitializer"
250-->[androidx.profileinstaller:profileinstaller:1.3.1] AndroidManifest.xml:30:17-85
251                android:value="androidx.startup" />
251-->[androidx.profileinstaller:profileinstaller:1.3.1] AndroidManifest.xml:31:17-49
252        </provider>
253
254        <service
254-->[androidx.work:work-runtime:2.9.0] AndroidManifest.xml:39:9-45:35
255            android:name="androidx.work.impl.background.systemalarm.SystemAlarmService"
255-->[androidx.work:work-runtime:2.9.0] AndroidManifest.xml:40:13-88
256            android:directBootAware="false"
256-->[androidx.work:work-runtime:2.9.0] AndroidManifest.xml:41:13-44
257            android:enabled="@bool/enable_system_alarm_service_default"
257-->[androidx.work:work-runtime:2.9.0] AndroidManifest.xml:42:13-72
258            android:exported="false" />
258-->[androidx.work:work-runtime:2.9.0] AndroidManifest.xml:43:13-37
259        <service
259-->[androidx.work:work-runtime:2.9.0] AndroidManifest.xml:46:9-52:35
260            android:name="androidx.work.impl.background.systemjob.SystemJobService"
260-->[androidx.work:work-runtime:2.9.0] AndroidManifest.xml:47:13-84
261            android:directBootAware="false"
261-->[androidx.work:work-runtime:2.9.0] AndroidManifest.xml:48:13-44
262            android:enabled="@bool/enable_system_job_service_default"